[07-Jun-2018 22:31:18 UTC] PHP Warning:  不明なエラーが発生しました。WordPress.org またはこのサーバーの設定に何か問題が起きている可能性があります。問題が解決しない場合は<a href="https://ja.wordpress.org/support/">サポートフォーラム</a>に投稿してみてください。 (WordPress は WordPress.org との安全な接続を確立できませんでした。サーバー管理者にご連絡ください) in /var/www/wordpress/wp-includes/update.php on line 347
[07-Jun-2018 22:31:18 UTC] PHP Stack trace:
[07-Jun-2018 22:31:18 UTC] PHP   1. {main}() /var/www/wordpress/wp-admin/plugins.php:0
[07-Jun-2018 22:31:18 UTC] PHP   2. require_once() /var/www/wordpress/wp-admin/plugins.php:10
[07-Jun-2018 22:31:18 UTC] PHP   3. do_action() /var/www/wordpress/wp-admin/admin.php:332
[07-Jun-2018 22:31:18 UTC] PHP   4. WP_Hook->do_action() /var/www/wordpress/wp-includes/plugin.php:453
[07-Jun-2018 22:31:18 UTC] PHP   5. WP_Hook->apply_filters() /var/www/wordpress/wp-includes/class-wp-hook.php:310
[07-Jun-2018 22:31:18 UTC] PHP   6. wp_update_plugins() /var/www/wordpress/wp-includes/class-wp-hook.php:286
[07-Jun-2018 22:31:18 UTC] PHP   7. trigger_error() /var/www/wordpress/wp-includes/update.php:347
[07-Jun-2018 22:51:15 UTC] PHP Notice:  Undefined variable: atts in /var/www/wordpress/wp-content/plugins/paypal_expresscheckout/express.php on line 32
[07-Jun-2018 22:51:15 UTC] PHP Stack trace:
[07-Jun-2018 22:51:15 UTC] PHP   1. {main}() /var/www/wordpress/index.php:0
[07-Jun-2018 22:51:15 UTC] PHP   2. require() /var/www/wordpress/index.php:17
[07-Jun-2018 22:51:15 UTC] PHP   3. require_once() /var/www/wordpress/wp-blog-header.php:19
[07-Jun-2018 22:51:15 UTC] PHP   4. include() /var/www/wordpress/wp-includes/template-loader.php:74
[07-Jun-2018 22:51:15 UTC] PHP   5. get_template_part() /var/www/wordpress/wp-content/themes/twentyseventeen/single.php:24
[07-Jun-2018 22:51:15 UTC] PHP   6. locate_template() /var/www/wordpress/wp-includes/general-template.php:155
[07-Jun-2018 22:51:15 UTC] PHP   7. load_template() /var/www/wordpress/wp-includes/template.php:647
[07-Jun-2018 22:51:15 UTC] PHP   8. require() /var/www/wordpress/wp-includes/template.php:690
[07-Jun-2018 22:51:15 UTC] PHP   9. the_content() /var/www/wordpress/wp-content/themes/twentyseventeen/template-parts/post/content.php:58
[07-Jun-2018 22:51:15 UTC] PHP  10. apply_filters() /var/www/wordpress/wp-includes/post-template.php:240
[07-Jun-2018 22:51:15 UTC] PHP  11. WP_Hook->apply_filters() /var/www/wordpress/wp-includes/plugin.php:203
[07-Jun-2018 22:51:15 UTC] PHP  12. do_shortcode() /var/www/wordpress/wp-includes/class-wp-hook.php:286
[07-Jun-2018 22:51:15 UTC] PHP  13. preg_replace_callback() /var/www/wordpress/wp-includes/shortcodes.php:197
[07-Jun-2018 22:51:15 UTC] PHP  14. do_shortcode_tag() /var/www/wordpress/wp-includes/shortcodes.php:197
[07-Jun-2018 22:51:15 UTC] PHP  15. paypaldiv_func() /var/www/wordpress/wp-includes/shortcodes.php:319
[14-Jun-2018 05:22:51 UTC] PHP Parse error:  syntax error, unexpected end of file in /var/www/wordpress/wp-content/plugins/paypal_expresscheckout/express_admin.php on line 10
[26-Jun-2018 09:46:05 UTC] PHP Parse error:  syntax error, unexpected '$token' (T_VARIABLE) in /var/www/wordpress/wp-content/plugins/paypal_expresscheckout/express.php on line 39
[26-Jun-2018 09:55:18 UTC] PHP Fatal error:  Uncaught Error: Call to undefined function var_sump() in /var/www/wordpress/wp-content/plugins/paypal_expresscheckout/express.php:38
Stack trace:
#0 /var/www/wordpress/wp-includes/shortcodes.php(319): paypaldiv_func(Array, '', 'paypaldiv')
#1 [internal function]: do_shortcode_tag(Array)
#2 /var/www/wordpress/wp-includes/shortcodes.php(197): preg_replace_callback('/\\[(\\[?)(paypal...', 'do_shortcode_ta...', '<p>\xE5\x80\x8B\xE4\xBA\xBA\xE3\x83\xAC\xE3\x83\x83...')
#3 /var/www/wordpress/wp-includes/class-wp-hook.php(286): do_shortcode('<p>\xE5\x80\x8B\xE4\xBA\xBA\xE3\x83\xAC\xE3\x83\x83...')
#4 /var/www/wordpress/wp-includes/plugin.php(203): WP_Hook->apply_filters('<p>\xE5\x80\x8B\xE4\xBA\xBA\xE3\x83\xAC\xE3\x83\x83...', Array)
#5 /var/www/wordpress/wp-includes/post-template.php(240): apply_filters('the_content', '\xE5\x80\x8B\xE4\xBA\xBA\xE3\x83\xAC\xE3\x83\x83\xE3\x82\xB9...')
#6 /var/www/wordpress/wp-content/themes/twentyseventeen/template-parts/post/content.php(58): the_content('<span class="sc...')
#7 /va in /var/www/wordpress/wp-content/plugins/paypal_expresscheckout/express.php on line 38
[26-Jun-2018 13:34:09 UTC] PHP Warning:  不明なエラーが発生しました。WordPress.org またはこのサーバーの設定に何か問題が起きている可能性があります。問題が解決しない場合は<a href="https://ja.wordpress.org/support/">サポートフォーラム</a>に投稿してみてください。 (WordPress は WordPress.org との安全な接続を確立できませんでした。サーバー管理者にご連絡ください) in /var/www/wordpress/wp-includes/update.php on line 155
[26-Jun-2018 13:34:09 UTC] PHP Stack trace:
[26-Jun-2018 13:34:09 UTC] PHP   1. {main}() /var/www/wordpress/wp-cron.php:0
[26-Jun-2018 13:34:09 UTC] PHP   2. do_action_ref_array() /var/www/wordpress/wp-cron.php:126
[26-Jun-2018 13:34:09 UTC] PHP   3. WP_Hook->do_action() /var/www/wordpress/wp-includes/plugin.php:515
[26-Jun-2018 13:34:09 UTC] PHP   4. WP_Hook->apply_filters() /var/www/wordpress/wp-includes/class-wp-hook.php:310
[26-Jun-2018 13:34:09 UTC] PHP   5. wp_version_check() /var/www/wordpress/wp-includes/class-wp-hook.php:286
[26-Jun-2018 13:34:09 UTC] PHP   6. trigger_error() /var/www/wordpress/wp-includes/update.php:155
[26-Jun-2018 13:34:09 UTC] PHP Warning:  不明なエラーが発生しました。WordPress.org またはこのサーバーの設定に何か問題が起きている可能性があります。問題が解決しない場合は<a href="https://ja.wordpress.org/support/">サポートフォーラム</a>に投稿してみてください。 (WordPress は WordPress.org との安全な接続を確立できませんでした。サーバー管理者にご連絡ください) in /var/www/wordpress/wp-includes/update.php on line 347
[26-Jun-2018 13:34:09 UTC] PHP Stack trace:
[26-Jun-2018 13:34:09 UTC] PHP   1. {main}() /var/www/wordpress/wp-cron.php:0
[26-Jun-2018 13:34:09 UTC] PHP   2. do_action_ref_array() /var/www/wordpress/wp-cron.php:126
[26-Jun-2018 13:34:09 UTC] PHP   3. WP_Hook->do_action() /var/www/wordpress/wp-includes/plugin.php:515
[26-Jun-2018 13:34:09 UTC] PHP   4. WP_Hook->apply_filters() /var/www/wordpress/wp-includes/class-wp-hook.php:310
[26-Jun-2018 13:34:09 UTC] PHP   5. wp_update_plugins() /var/www/wordpress/wp-includes/class-wp-hook.php:286
[26-Jun-2018 13:34:09 UTC] PHP   6. trigger_error() /var/www/wordpress/wp-includes/update.php:347
[26-Jun-2018 13:34:09 UTC] PHP Warning:  不明なエラーが発生しました。WordPress.org またはこのサーバーの設定に何か問題が起きている可能性があります。問題が解決しない場合は<a href="https://ja.wordpress.org/support/">サポートフォーラム</a>に投稿してみてください。 (WordPress は WordPress.org との安全な接続を確立できませんでした。サーバー管理者にご連絡ください) in /var/www/wordpress/wp-includes/update.php on line 529
[26-Jun-2018 13:34:09 UTC] PHP Stack trace:
[26-Jun-2018 13:34:09 UTC] PHP   1. {main}() /var/www/wordpress/wp-cron.php:0
[26-Jun-2018 13:34:09 UTC] PHP   2. do_action_ref_array() /var/www/wordpress/wp-cron.php:126
[26-Jun-2018 13:34:09 UTC] PHP   3. WP_Hook->do_action() /var/www/wordpress/wp-includes/plugin.php:515
[26-Jun-2018 13:34:09 UTC] PHP   4. WP_Hook->apply_filters() /var/www/wordpress/wp-includes/class-wp-hook.php:310
[26-Jun-2018 13:34:09 UTC] PHP   5. wp_update_themes() /var/www/wordpress/wp-includes/class-wp-hook.php:286
[26-Jun-2018 13:34:09 UTC] PHP   6. trigger_error() /var/www/wordpress/wp-includes/update.php:529
[27-Jun-2018 00:14:55 UTC] PHP Parse error:  syntax error, unexpected ')' in /var/www/wordpress/wp-content/plugins/paypal_expresscheckout/express.php on line 36
[27-Jun-2018 00:15:55 UTC] PHP Parse error:  syntax error, unexpected ')' in /var/www/wordpress/wp-content/plugins/paypal_expresscheckout/express.php on line 38
[27-Jun-2018 00:17:56 UTC] PHP Parse error:  syntax error, unexpected ')' in /var/www/wordpress/wp-content/plugins/paypal_expresscheckout/express.php on line 38
[27-Jun-2018 00:19:56 UTC] PHP Parse error:  syntax error, unexpected ')' in /var/www/wordpress/wp-content/plugins/paypal_expresscheckout/express.php on line 38
[27-Jun-2018 00:20:51 UTC] PHP Parse error:  syntax error, unexpected ')' in /var/www/wordpress/wp-content/plugins/paypal_expresscheckout/express.php on line 38
[27-Jun-2018 05:58:55 UTC] PHP Warning:  不明なエラーが発生しました。WordPress.org またはこのサーバーの設定に何か問題が起きている可能性があります。問題が解決しない場合は<a href="https://ja.wordpress.org/support/">サポートフォーラム</a>に投稿してみてください。 (WordPress は WordPress.org との安全な接続を確立できませんでした。サーバー管理者にご連絡ください) in /var/www/wordpress/wp-includes/update.php on line 155
[27-Jun-2018 05:58:55 UTC] PHP Stack trace:
[27-Jun-2018 05:58:55 UTC] PHP   1. {main}() /var/www/wordpress/wp-admin/plugins.php:0
[27-Jun-2018 05:58:55 UTC] PHP   2. require_once() /var/www/wordpress/wp-admin/plugins.php:10
[27-Jun-2018 05:58:55 UTC] PHP   3. do_action() /var/www/wordpress/wp-admin/admin.php:156
[27-Jun-2018 05:58:55 UTC] PHP   4. WP_Hook->do_action() /var/www/wordpress/wp-includes/plugin.php:453
[27-Jun-2018 05:58:55 UTC] PHP   5. WP_Hook->apply_filters() /var/www/wordpress/wp-includes/class-wp-hook.php:310
[27-Jun-2018 05:58:55 UTC] PHP   6. _maybe_update_core() /var/www/wordpress/wp-includes/class-wp-hook.php:286
[27-Jun-2018 05:58:55 UTC] PHP   7. wp_version_check() /var/www/wordpress/wp-includes/update.php:673
[27-Jun-2018 05:58:55 UTC] PHP   8. trigger_error() /var/www/wordpress/wp-includes/update.php:155
[27-Jun-2018 07:35:01 UTC] PHP Parse error:  syntax error, unexpected '=' in /var/www/wordpress/wp-content/plugins/paypal_expresscheckout/express.php on line 38
[27-Jun-2018 07:36:25 UTC] PHP Notice:  Undefined variable: dev in /var/www/wordpress/wp-content/plugins/paypal_expresscheckout/express.php on line 54
[27-Jun-2018 07:36:25 UTC] PHP Stack trace:
[27-Jun-2018 07:36:25 UTC] PHP   1. {main}() /var/www/wordpress/index.php:0
[27-Jun-2018 07:36:25 UTC] PHP   2. require() /var/www/wordpress/index.php:17
[27-Jun-2018 07:36:25 UTC] PHP   3. require_once() /var/www/wordpress/wp-blog-header.php:19
[27-Jun-2018 07:36:25 UTC] PHP   4. include() /var/www/wordpress/wp-includes/template-loader.php:74
[27-Jun-2018 07:36:25 UTC] PHP   5. get_template_part() /var/www/wordpress/wp-content/themes/twentyseventeen/index.php:46
[27-Jun-2018 07:36:25 UTC] PHP   6. locate_template() /var/www/wordpress/wp-includes/general-template.php:155
[27-Jun-2018 07:36:25 UTC] PHP   7. load_template() /var/www/wordpress/wp-includes/template.php:647
[27-Jun-2018 07:36:25 UTC] PHP   8. require() /var/www/wordpress/wp-includes/template.php:690
[27-Jun-2018 07:36:25 UTC] PHP   9. the_content() /var/www/wordpress/wp-content/themes/twentyseventeen/template-parts/post/content.php:58
[27-Jun-2018 07:36:25 UTC] PHP  10. apply_filters() /var/www/wordpress/wp-includes/post-template.php:240
[27-Jun-2018 07:36:25 UTC] PHP  11. WP_Hook->apply_filters() /var/www/wordpress/wp-includes/plugin.php:203
[27-Jun-2018 07:36:25 UTC] PHP  12. do_shortcode() /var/www/wordpress/wp-includes/class-wp-hook.php:286
[27-Jun-2018 07:36:25 UTC] PHP  13. preg_replace_callback() /var/www/wordpress/wp-includes/shortcodes.php:197
[27-Jun-2018 07:36:25 UTC] PHP  14. do_shortcode_tag() /var/www/wordpress/wp-includes/shortcodes.php:197
[27-Jun-2018 07:36:25 UTC] PHP  15. paypaldiv_func() /var/www/wordpress/wp-includes/shortcodes.php:319
[27-Jun-2018 07:36:25 UTC] PHP Notice:  Undefined variable: token in /var/www/wordpress/wp-content/plugins/paypal_expresscheckout/express.php on line 56
[27-Jun-2018 07:36:25 UTC] PHP Stack trace:
[27-Jun-2018 07:36:25 UTC] PHP   1. {main}() /var/www/wordpress/index.php:0
[27-Jun-2018 07:36:25 UTC] PHP   2. require() /var/www/wordpress/index.php:17
[27-Jun-2018 07:36:25 UTC] PHP   3. require_once() /var/www/wordpress/wp-blog-header.php:19
[27-Jun-2018 07:36:25 UTC] PHP   4. include() /var/www/wordpress/wp-includes/template-loader.php:74
[27-Jun-2018 07:36:25 UTC] PHP   5. get_template_part() /var/www/wordpress/wp-content/themes/twentyseventeen/index.php:46
[27-Jun-2018 07:36:25 UTC] PHP   6. locate_template() /var/www/wordpress/wp-includes/general-template.php:155
[27-Jun-2018 07:36:25 UTC] PHP   7. load_template() /var/www/wordpress/wp-includes/template.php:647
[27-Jun-2018 07:36:25 UTC] PHP   8. require() /var/www/wordpress/wp-includes/template.php:690
[27-Jun-2018 07:36:25 UTC] PHP   9. the_content() /var/www/wordpress/wp-content/themes/twentyseventeen/template-parts/post/content.php:58
[27-Jun-2018 07:36:25 UTC] PHP  10. apply_filters() /var/www/wordpress/wp-includes/post-template.php:240
[27-Jun-2018 07:36:25 UTC] PHP  11. WP_Hook->apply_filters() /var/www/wordpress/wp-includes/plugin.php:203
[27-Jun-2018 07:36:25 UTC] PHP  12. do_shortcode() /var/www/wordpress/wp-includes/class-wp-hook.php:286
[27-Jun-2018 07:36:25 UTC] PHP  13. preg_replace_callback() /var/www/wordpress/wp-includes/shortcodes.php:197
[27-Jun-2018 07:36:25 UTC] PHP  14. do_shortcode_tag() /var/www/wordpress/wp-includes/shortcodes.php:197
[27-Jun-2018 07:36:25 UTC] PHP  15. paypaldiv_func() /var/www/wordpress/wp-includes/shortcodes.php:319
[27-Jun-2018 07:37:12 UTC] PHP Parse error:  syntax error, unexpected 'if' (T_IF) in /var/www/wordpress/wp-content/plugins/paypal_expresscheckout/express.php on line 39
[27-Jun-2018 07:37:48 UTC] PHP Parse error:  syntax error, unexpected 'if' (T_IF) in /var/www/wordpress/wp-content/plugins/paypal_expresscheckout/express.php on line 39
[27-Jun-2018 07:38:16 UTC] PHP Parse error:  syntax error, unexpected 'if' (T_IF) in /var/www/wordpress/wp-content/plugins/paypal_expresscheckout/express.php on line 39
[27-Jun-2018 07:38:47 UTC] PHP Parse error:  syntax error, unexpected '$paypaldiv' (T_VARIABLE) in /var/www/wordpress/wp-content/plugins/paypal_expresscheckout/express.php on line 51
[27-Jun-2018 07:39:05 UTC] PHP Notice:  Undefined variable: dev in /var/www/wordpress/wp-content/plugins/paypal_expresscheckout/express.php on line 54
[27-Jun-2018 07:39:05 UTC] PHP Stack trace:
[27-Jun-2018 07:39:05 UTC] PHP   1. {main}() /var/www/wordpress/index.php:0
[27-Jun-2018 07:39:05 UTC] PHP   2. require() /var/www/wordpress/index.php:17
[27-Jun-2018 07:39:05 UTC] PHP   3. require_once() /var/www/wordpress/wp-blog-header.php:19
[27-Jun-2018 07:39:05 UTC] PHP   4. include() /var/www/wordpress/wp-includes/template-loader.php:74
[27-Jun-2018 07:39:05 UTC] PHP   5. get_template_part() /var/www/wordpress/wp-content/themes/twentyseventeen/index.php:46
[27-Jun-2018 07:39:05 UTC] PHP   6. locate_template() /var/www/wordpress/wp-includes/general-template.php:155
[27-Jun-2018 07:39:05 UTC] PHP   7. load_template() /var/www/wordpress/wp-includes/template.php:647
[27-Jun-2018 07:39:05 UTC] PHP   8. require() /var/www/wordpress/wp-includes/template.php:690
[27-Jun-2018 07:39:05 UTC] PHP   9. the_content() /var/www/wordpress/wp-content/themes/twentyseventeen/template-parts/post/content.php:58
[27-Jun-2018 07:39:05 UTC] PHP  10. apply_filters() /var/www/wordpress/wp-includes/post-template.php:240
[27-Jun-2018 07:39:05 UTC] PHP  11. WP_Hook->apply_filters() /var/www/wordpress/wp-includes/plugin.php:203
[27-Jun-2018 07:39:05 UTC] PHP  12. do_shortcode() /var/www/wordpress/wp-includes/class-wp-hook.php:286
[27-Jun-2018 07:39:05 UTC] PHP  13. preg_replace_callback() /var/www/wordpress/wp-includes/shortcodes.php:197
[27-Jun-2018 07:39:05 UTC] PHP  14. do_shortcode_tag() /var/www/wordpress/wp-includes/shortcodes.php:197
[27-Jun-2018 07:39:05 UTC] PHP  15. paypaldiv_func() /var/www/wordpress/wp-includes/shortcodes.php:319
[27-Jun-2018 07:39:05 UTC] PHP Notice:  Undefined variable: token in /var/www/wordpress/wp-content/plugins/paypal_expresscheckout/express.php on line 56
[27-Jun-2018 07:39:05 UTC] PHP Stack trace:
[27-Jun-2018 07:39:05 UTC] PHP   1. {main}() /var/www/wordpress/index.php:0
[27-Jun-2018 07:39:05 UTC] PHP   2. require() /var/www/wordpress/index.php:17
[27-Jun-2018 07:39:05 UTC] PHP   3. require_once() /var/www/wordpress/wp-blog-header.php:19
[27-Jun-2018 07:39:05 UTC] PHP   4. include() /var/www/wordpress/wp-includes/template-loader.php:74
[27-Jun-2018 07:39:05 UTC] PHP   5. get_template_part() /var/www/wordpress/wp-content/themes/twentyseventeen/index.php:46
[27-Jun-2018 07:39:05 UTC] PHP   6. locate_template() /var/www/wordpress/wp-includes/general-template.php:155
[27-Jun-2018 07:39:05 UTC] PHP   7. load_template() /var/www/wordpress/wp-includes/template.php:647
[27-Jun-2018 07:39:05 UTC] PHP   8. require() /var/www/wordpress/wp-includes/template.php:690
[27-Jun-2018 07:39:05 UTC] PHP   9. the_content() /var/www/wordpress/wp-content/themes/twentyseventeen/template-parts/post/content.php:58
[27-Jun-2018 07:39:05 UTC] PHP  10. apply_filters() /var/www/wordpress/wp-includes/post-template.php:240
[27-Jun-2018 07:39:05 UTC] PHP  11. WP_Hook->apply_filters() /var/www/wordpress/wp-includes/plugin.php:203
[27-Jun-2018 07:39:05 UTC] PHP  12. do_shortcode() /var/www/wordpress/wp-includes/class-wp-hook.php:286
[27-Jun-2018 07:39:05 UTC] PHP  13. preg_replace_callback() /var/www/wordpress/wp-includes/shortcodes.php:197
[27-Jun-2018 07:39:05 UTC] PHP  14. do_shortcode_tag() /var/www/wordpress/wp-includes/shortcodes.php:197
[27-Jun-2018 07:39:05 UTC] PHP  15. paypaldiv_func() /var/www/wordpress/wp-includes/shortcodes.php:319
